<?xml version="1.0" encoding="UTF-8"?>
<!-- Generated by org.testng.reporters.JUnitReportReporter -->
<testsuite hostname="Shilpa-Srivastava" failures="0" tests="1" name="scripts.Testcase3" time="20.028" errors="0" timestamp="2022-05-24T17:29:47 IST" skipped="0">
  <testcase classname="scripts.Testcase3" name="tc3" time="20.028"/>
  <system-out/>
</testsuite> <!-- scripts.Testcase3 -->
