<?xml version="1.0" encoding="UTF-8"?>
<!-- Generated by org.testng.reporters.JUnitReportReporter -->
<testsuite hostname="Shilpa-Srivastava" failures="0" tests="1" name="testscripts.Test0" time="0.001" errors="0" timestamp="2022-05-24T11:34:38 IST" skipped="0">
  <testcase classname="testscripts.Test0" name="tc1" time="0.001"/>
  <system-out>
    <![CDATA[Hello Java]]>
  </system-out>
</testsuite> <!-- testscripts.Test0 -->
