<?xml version="1.0" encoding="UTF-8"?>
<!-- Generated by org.testng.reporters.JUnitReportReporter -->
<testsuite hostname="Shilpa-Srivastava" failures="0" tests="1" name="testscripts.Test3" time="0.000" errors="0" timestamp="2022-05-26T15:00:56 IST" skipped="0">
  <testcase classname="testscripts.Test3" name="tc3" time="0.000"/>
  <system-out>
    <![CDATA[ Hello python]]>
  </system-out>
</testsuite> <!-- testscripts.Test3 -->
