<?xml version="1.0" encoding="UTF-8"?>
<!-- Generated by org.testng.reporters.JUnitReportReporter -->
<testsuite hostname="Shilpa-Srivastava" failures="0" tests="1" name="testscripts.Test1" time="0.006" errors="0" timestamp="2022-05-24T11:34:38 IST" skipped="0">
  <testcase classname="testscripts.Test1" name="tc2" time="0.006"/>
  <system-out>
    <![CDATA[ Hello Selenium]]>
  </system-out>
</testsuite> <!-- testscripts.Test1 -->
