<?xml version="1.0" encoding="UTF-8"?>
<!-- Generated by org.testng.reporters.JUnitReportReporter -->
<testsuite hostname="Shilpa-Srivastava" failures="0" tests="1" name="scripts.Testcase2" time="21.529" errors="0" timestamp="2022-05-23T14:55:11 IST" skipped="0">
  <testcase classname="scripts.Testcase2" name="tc2" time="21.529"/>
  <system-out/>
</testsuite> <!-- scripts.Testcase2 -->
